<?xml version="1.0" encoding="UTF-8"?>
<!-- Generated by org.testng.reporters.JUnitReportReporter -->
<testsuite hostname="LAPTOP-QGM7KUND" failures="0" tests="2" name="TestRunner.RunnerClass" time="28.638" errors="0" timestamp="2023-08-15T22:47:43 IST" skipped="0">
  <testcase classname="TestRunner.RunnerClass" name="runScenario" time="6.199"/>
  <system-out/>
  <testcase classname="TestRunner.RunnerClass" name="runScenario" time="22.439"/>
  <system-out/>
</testsuite> <!-- TestRunner.RunnerClass -->
